#
# There is insufficient memory for the Java Runtime Environment to continue.
# Native memory allocation (malloc) failed to allocate 80192 bytes for Chunk::new
# Possible reasons:
#   The system is out of physical RAM or swap space
#   In 32 bit mode, the process size limit was hit
# Possible solutions:
#   Reduce memory load on the system
#   Increase physical memory or swap space
#   Check if swap backing store is full
#   Use 64 bit Java on a 64 bit OS
#   Decrease Java heap size (-Xmx/-Xms)
#   Decrease number of Java threads
#   Decrease Java thread stack sizes (-Xss)
#   Set larger code cache with -XX:ReservedCodeCacheSize=
# This output file may be truncated or incomplete.
#
#  Out of Memory Error (allocation.cpp:390), pid=9076, tid=7536
#
# JRE version: Java(TM) SE Runtime Environment (8.0_31-b13) (build 1.8.0_31-b13)
# Java VM: Java HotSpot(TM) 64-Bit Server VM (25.31-b07 mixed mode windows-amd64 compressed oops)
# Failed to write core dump. Minidumps are not enabled by default on client versions of Windows
#

---------------  T H R E A D  ---------------

Current thread (0x0000000014b8f000):  JavaThread "C2 CompilerThread1" daemon [_thread_in_native, id=7536, stack(0x00000000161f0000,0x00000000162f0000)]

Stack: [0x00000000161f0000,0x00000000162f0000]
Native frames: (J=compiled Java code, j=interpreted, Vv=VM code, C=native code)
V  [jvm.dll+0x3169ba]
V  [jvm.dll+0x2674c3]
V  [jvm.dll+0x268103]
V  [jvm.dll+0x25f8f5]
V  [jvm.dll+0xbf025]
V  [jvm.dll+0xbf4cc]
V  [jvm.dll+0x45dfd3]
V  [jvm.dll+0x49f21f]
V  [jvm.dll+0x452f28]
V  [jvm.dll+0x454124]
V  [jvm.dll+0x437c62]
V  [jvm.dll+0x988e2]
V  [jvm.dll+0x990d3]
V  [jvm.dll+0x22c194]
V  [jvm.dll+0x28576a]
C  [msvcr100.dll+0x21d9f]
C  [msvcr100.dll+0x21e3b]
C  [KERNEL32.DLL+0x16ad]
C  [ntdll.dll+0x6e954]


Current CompileTask:
C2:   4131 1277   !   4      
[error occurred during error reporting (printing current compile task), id 0xe0000001]


---------------  P R O C E S S  ---------------

Java Threads: ( => current thread )
  0x0000000014bea000 JavaThread "Service Thread" daemon [_thread_blocked, id=8824, stack(0x00000000163f0000,0x00000000164f0000)]
  0x0000000014be3000 JavaThread "C1 CompilerThread2" daemon [_thread_in_native, id=8292, stack(0x00000000162f0000,0x00000000163f0000)]
=>0x0000000014b8f000 JavaThread "C2 CompilerThread1" daemon [_thread_in_native, id=7536, stack(0x00000000161f0000,0x00000000162f0000)]
  0x0000000014b8c000 JavaThread "C2 CompilerThread0" daemon [_thread_in_native, id=2060, stack(0x00000000160f0000,0x00000000161f0000)]
  0x0000000014b8a800 JavaThread "Attach Listener" daemon [_thread_blocked, id=6948, stack(0x0000000015ff0000,0x00000000160f0000)]
  0x0000000014b89000 JavaThread "Signal Dispatcher" daemon [_thread_blocked, id=5324, stack(0x0000000015ef0000,0x0000000015ff0000)]
  0x00000000024af000 JavaThread "Finalizer" daemon [_thread_blocked, id=5056, stack(0x0000000015df0000,0x0000000015ef0000)]
  0x00000000024ac000 JavaThread "Reference Handler" daemon [_thread_blocked, id=2084, stack(0x0000000015cf0000,0x0000000015df0000)]
  0x00000000023c0800 JavaThread "main" [_thread_in_vm, id=4012, stack(0x00000000021e0000,0x00000000022e0000)]

Other Threads:
  0x0000000014b55800 VMThread [stack: 0x0000000015bf0000,0x0000000015cf0000] [id=7936]
  0x0000000014bed000 WatcherThread [stack: 0x00000000164f0000,0x00000000165f0000] [id=7748]

VM state:not at safepoint (normal execution)

VM Mutex/Monitor currently owned by a thread: None

Heap:
 PSYoungGen      total 18944K, used 17181K [0x00000000eab00000, 0x00000000ed000000, 0x0000000100000000)
  eden space 16384K, 89% used [0x00000000eab00000,0x00000000eb949b00,0x00000000ebb00000)
  from space 2560K, 99% used [0x00000000ebb00000,0x00000000ebd7dc78,0x00000000ebd80000)
  to   space 2560K, 0% used [0x00000000ecd80000,0x00000000ecd80000,0x00000000ed000000)
 ParOldGen       total 44032K, used 1842K [0x00000000c0000000, 0x00000000c2b00000, 0x00000000eab00000)
  object space 44032K, 4% used [0x00000000c0000000,0x00000000c01cc898,0x00000000c2b00000)
 Metaspace       used 5626K, capacity 6896K, committed 7040K, reserved 1056768K
  class space    used 546K, capacity 616K, committed 640K, reserved 1048576K

Card table byte_map: [0x0000000011880000,0x0000000011a90000] byte_map_base: 0x0000000011280000

Marking Bits: (ParMarkBitMap*) 0x0000000062c2d4f0
 Begin Bits: [0x0000000011ff0000, 0x0000000012ff0000)
 End Bits:   [0x0000000012ff0000, 0x0000000013ff0000)

Polling page: 0x0000000000a00000

CodeCache: size=245760Kb used=5281Kb max_used=5288Kb free=240478Kb
 bounds [0x00000000024c0000, 0x00000000029f0000, 0x00000000114c0000]
 total_blobs=1557 nmethods=1296 adapters=174
 compilation: enabled

Compilation events (10 events):
Event: 3.800 Thread 0x0000000014be3000 nmethod 1284 0x00000000029d8190 code [0x00000000029d8340, 0x00000000029d87e8]
Event: 3.800 Thread 0x0000000014be3000 1285       3       com.android.dx.cf.code.Frame::mergeSubroutineLists (90 bytes)
Event: 3.801 Thread 0x0000000014be3000 nmethod 1285 0x00000000029dde50 code [0x00000000029de020, 0x00000000029de908]
Event: 3.801 Thread 0x0000000014be3000 1286       3       com.android.dx.cf.code.Frame::adjustLocalsForSubroutines (28 bytes)
Event: 3.801 Thread 0x0000000014be3000 nmethod 1286 0x00000000029dd690 code [0x00000000029dd820, 0x00000000029ddd28]
Event: 3.808 Thread 0x0000000014b8f000 nmethod 1281 0x00000000029e5410 code [0x00000000029e5580, 0x00000000029e5958]
Event: 3.808 Thread 0x0000000014b8f000 1277   !   4       com.android.dx.cf.code.BytecodeArray::parseInstruction (2764 bytes)
Event: 3.826 Thread 0x0000000014b8c000 nmethod 1261 0x00000000029e7d50 code [0x00000000029e81a0, 0x00000000029e99c0]
Event: 3.826 Thread 0x0000000014b8c000 1263       4       com.android.dx.ssa.back.FirstFitLocalCombiningAllocator$1::visitNonMoveInsn (6 bytes)
Event: 3.827 Thread 0x0000000014b8c000 nmethod 1263 0x00000000029c16d0 code [0x00000000029c1820, 0x00000000029c18a8]

GC Heap History (2 events):
Event: 2.360 GC heap before
{Heap before GC invocations=1 (full 0):
 PSYoungGen      total 18944K, used 16384K [0x00000000eab00000, 0x00000000ec000000, 0x0000000100000000)
  eden space 16384K, 100% used [0x00000000eab00000,0x00000000ebb00000,0x00000000ebb00000)
  from space 2560K, 0% used [0x00000000ebd80000,0x00000000ebd80000,0x00000000ec000000)
  to   space 2560K, 0% used [0x00000000ebb00000,0x00000000ebb00000,0x00000000ebd80000)
 ParOldGen       total 44032K, used 0K [0x00000000c0000000, 0x00000000c2b00000, 0x00000000eab00000)
  object space 44032K, 0% used [0x00000000c0000000,0x00000000c0000000,0x00000000c2b00000)
 Metaspace       used 5452K, capacity 6768K, committed 7040K, reserved 1056768K
  class space    used 544K, capacity 616K, committed 640K, reserved 1048576K
Event: 2.436 GC heap after
Heap after GC invocations=1 (full 0):
 PSYoungGen      total 18944K, used 2551K [0x00000000eab00000, 0x00000000ed000000, 0x0000000100000000)
  eden space 16384K, 0% used [0x00000000eab00000,0x00000000eab00000,0x00000000ebb00000)
  from space 2560K, 99% used [0x00000000ebb00000,0x00000000ebd7dc78,0x00000000ebd80000)
  to   space 2560K, 0% used [0x00000000ecd80000,0x00000000ecd80000,0x00000000ed000000)
 ParOldGen       total 44032K, used 1842K [0x00000000c0000000, 0x00000000c2b00000, 0x00000000eab00000)
  object space 44032K, 4% used [0x00000000c0000000,0x00000000c01cc898,0x00000000c2b00000)
 Metaspace       used 5452K, capacity 6768K, committed 7040K, reserved 1056768K
  class space    used 544K, capacity 616K, committed 640K, reserved 1048576K
}

Deoptimization events (2 events):
Event: 2.107 Thread 0x00000000023c0800 Uncommon trap: reason=null_check action=make_not_entrant pc=0x00000000028525e4 method=com.android.dx.rop.type.Type.equals(Ljava/lang/Object;)Z @ 8
Event: 2.682 Thread 0x00000000023c0800 Uncommon trap: reason=unreached action=reinterpret pc=0x0000000002836b1c method=com.android.dx.rop.cst.Constant.compareTo(Lcom/android/dx/rop/cst/Constant;)I @ 12

Internal exceptions (10 events):
Event: 2.000 Thread 0x00000000023c0800 Exception <a 'java/security/PrivilegedActionException'> (0x00000000eb849ef0) thrown at [C:\workspace\8-2-build-windows-amd64-cygwin\jdk8u31\2394\hotspot\src\share\vm\prims\jvm.cpp, line 1312]
Event: 2.001 Thread 0x00000000023c0800 Exception <a 'java/security/PrivilegedActionException'> (0x00000000eb84d590) thrown at [C:\workspace\8-2-build-windows-amd64-cygwin\jdk8u31\2394\hotspot\src\share\vm\prims\jvm.cpp, line 1312]
Event: 2.002 Thread 0x00000000023c0800 Exception <a 'java/security/PrivilegedActionException'> (0x00000000eb853718) thrown at [C:\workspace\8-2-build-windows-amd64-cygwin\jdk8u31\2394\hotspot\src\share\vm\prims\jvm.cpp, line 1312]
Event: 2.003 Thread 0x00000000023c0800 Exception <a 'java/security/PrivilegedActionException'> (0x00000000eb856550) thrown at [C:\workspace\8-2-build-windows-amd64-cygwin\jdk8u31\2394\hotspot\src\share\vm\prims\jvm.cpp, line 1312]
Event: 2.003 Thread 0x00000000023c0800 Exception <a 'java/security/PrivilegedActionException'> (0x00000000eb859820) thrown at [C:\workspace\8-2-build-windows-amd64-cygwin\jdk8u31\2394\hotspot\src\share\vm\prims\jvm.cpp, line 1312]
Event: 2.004 Thread 0x00000000023c0800 Exception <a 'java/security/PrivilegedActionException'> (0x00000000eb863dd8) thrown at [C:\workspace\8-2-build-windows-amd64-cygwin\jdk8u31\2394\hotspot\src\share\vm\prims\jvm.cpp, line 1312]
Event: 2.005 Thread 0x00000000023c0800 Exception <a 'java/security/PrivilegedActionException'> (0x00000000eb868340) thrown at [C:\workspace\8-2-build-windows-amd64-cygwin\jdk8u31\2394\hotspot\src\share\vm\prims\jvm.cpp, line 1312]
Event: 2.107 Thread 0x00000000023c0800 Implicit null exception at 0x00000000028524e2 to 0x00000000028525d5
Event: 2.697 Thread 0x00000000023c0800 Exception <a 'java/security/PrivilegedActionException'> (0x00000000eada6388) thrown at [C:\workspace\8-2-build-windows-amd64-cygwin\jdk8u31\2394\hotspot\src\share\vm\prims\jvm.cpp, line 1312]
Event: 3.779 Thread 0x00000000023c0800 Exception <a 'java/security/PrivilegedActionException'> (0x00000000eb5b07c8) thrown at [C:\workspace\8-2-build-windows-amd64-cygwin\jdk8u31\2394\hotspot\src\share\vm\prims\jvm.cpp, line 1312]

Events (10 events):
Event: 2.682 Thread 0x00000000023c0800 DEOPT PACKING pc=0x0000000002836b1c sp=0x00000000022de630
Event: 2.682 Thread 0x00000000023c0800 DEOPT UNPACKING pc=0x000000000250556a sp=0x00000000022de5d0 mode 2
Event: 2.697 loading class com/android/dx/rop/cst/CstArray$List
Event: 2.697 loading class com/android/dx/rop/cst/CstArray$List done
Event: 3.779 loading class com/android/dx/cf/attrib/AttDeprecated
Event: 3.779 loading class com/android/dx/cf/attrib/AttDeprecated done
Event: 3.798 Thread 0x00000000023c0800 DEOPT PACKING pc=0x000000000289a0ba sp=0x00000000022de840
Event: 3.798 Thread 0x00000000023c0800 DEOPT UNPACKING pc=0x00000000025075bf sp=0x00000000022de5a8 mode 0
Event: 3.805 Thread 0x00000000023c0800 DEOPT PACKING pc=0x000000000275c2bc sp=0x00000000022de820
Event: 3.805 Thread 0x00000000023c0800 DEOPT UNPACKING pc=0x00000000025075bf sp=0x00000000022de5e8 mode 0


Dynamic libraries:
0x00007ff7b2540000 - 0x00007ff7b2574000 	C:\Program Files\Java\jdk1.8.0_31\bin\java.exe
0x00007ff88aad0000 - 0x00007ff88ac7c000 	C:\WINDOWS\SYSTEM32\ntdll.dll
0x00007ff8883c0000 - 0x00007ff8884fa000 	C:\WINDOWS\system32\KERNEL32.DLL
0x00007ff887de0000 - 0x00007ff887eef000 	C:\WINDOWS\system32\KERNELBASE.dll
0x00007ff886780000 - 0x00007ff886808000 	C:\WINDOWS\system32\apphelp.dll
0x00007ff885ed0000 - 0x00007ff885f1f000 	C:\WINDOWS\AppPatch\AppPatch64\AcGenral.DLL
0x00007ff888910000 - 0x00007ff8889b7000 	C:\WINDOWS\system32\msvcrt.dll
0x00007ff887bc0000 - 0x00007ff887beb000 	C:\WINDOWS\SYSTEM32\SspiCli.dll
0x00007ff888b10000 - 0x00007ff888b61000 	C:\WINDOWS\system32\SHLWAPI.dll
0x00007ff888e90000 - 0x00007ff889001000 	C:\WINDOWS\system32\USER32.dll
0x00007ff888770000 - 0x00007ff8888e8000 	C:\WINDOWS\system32\ole32.dll
0x00007ff8895a0000 - 0x00007ff88aab8000 	C:\WINDOWS\system32\SHELL32.dll
0x00007ff8875e0000 - 0x00007ff8875fe000 	C:\WINDOWS\SYSTEM32\USERENV.dll
0x00007ff888a20000 - 0x00007ff888ac5000 	C:\WINDOWS\system32\ADVAPI32.dll
0x00007ff879f30000 - 0x00007ff879f4b000 	C:\WINDOWS\SYSTEM32\MPR.dll
0x00007ff889290000 - 0x00007ff8893c7000 	C:\WINDOWS\system32\RPCRT4.dll
0x00007ff8893e0000 - 0x00007ff889437000 	C:\WINDOWS\SYSTEM32\sechost.dll
0x00007ff888c40000 - 0x00007ff888e16000 	C:\WINDOWS\SYSTEM32\combase.dll
0x00007ff888620000 - 0x00007ff888764000 	C:\WINDOWS\system32\GDI32.dll
0x00007ff887d10000 - 0x00007ff887d24000 	C:\WINDOWS\SYSTEM32\profapi.dll
0x00007ff8862a0000 - 0x00007ff886352000 	C:\WINDOWS\SYSTEM32\SHCORE.dll
0x00007ff888ad0000 - 0x00007ff888b04000 	C:\WINDOWS\system32\IMM32.DLL
0x00007ff889440000 - 0x00007ff889591000 	C:\WINDOWS\system32\MSCTF.dll
0x00007ff885720000 - 0x00007ff88597a000 	C:\WINDOWS\WinSxS\amd64_microsoft.windows.common-controls_6595b64144ccf1df_6.0.9600.17031_none_6242a4b3ecbb55a1\COMCTL32.dll
0x0000000062cb0000 - 0x0000000062d82000 	C:\Program Files\Java\jdk1.8.0_31\jre\bin\msvcr100.dll
0x0000000062450000 - 0x0000000062caa000 	C:\Program Files\Java\jdk1.8.0_31\jre\bin\server\jvm.dll
0x00007ff8834c0000 - 0x00007ff8834c9000 	C:\WINDOWS\SYSTEM32\WSOCK32.dll
0x00007ff879e40000 - 0x00007ff879e5f000 	C:\WINDOWS\SYSTEM32\WINMM.dll
0x00007ff888610000 - 0x00007ff888617000 	C:\WINDOWS\system32\PSAPI.DLL
0x00007ff8889c0000 - 0x00007ff888a18000 	C:\WINDOWS\system32\WS2_32.dll
0x00007ff879e10000 - 0x00007ff879e3a000 	C:\WINDOWS\SYSTEM32\WINMMBASE.dll
0x00007ff888e80000 - 0x00007ff888e89000 	C:\WINDOWS\system32\NSI.dll
0x00007ff887f40000 - 0x00007ff887f8a000 	C:\WINDOWS\SYSTEM32\cfgmgr32.dll
0x00007ff886b70000 - 0x00007ff886b96000 	C:\WINDOWS\SYSTEM32\DEVOBJ.dll
0x0000000063dc0000 - 0x0000000063dcf000 	C:\Program Files\Java\jdk1.8.0_31\jre\bin\verify.dll
0x0000000062420000 - 0x0000000062448000 	C:\Program Files\Java\jdk1.8.0_31\jre\bin\java.dll
0x0000000062400000 - 0x0000000062416000 	C:\Program Files\Java\jdk1.8.0_31\jre\bin\zip.dll
0x00007ff86ea10000 - 0x00007ff86eb98000 	C:\WINDOWS\SYSTEM32\dbghelp.dll

VM Arguments:
jvm_args: -Xmx1024M -Dfile.encoding=windows-1252 -Duser.country=US -Duser.language=en -Duser.variant 
java_command: com.android.dx.command.Main --dex --output C:\Users\bww1\Documents\wethoughtthiswasaspeeddatingapp\wethoughtthiswasaspeeddatingapp.git\boofcv_example\app\build\intermediates\pre-dexed\debug\xstream-1.4.4-739b654b751aeef61d3640eba53a6b66d3eb1544.jar C:\Users\bww1\Documents\wethoughtthiswasaspeeddatingapp\wethoughtthiswasaspeeddatingapp.git\boofcv_example\app\libs\xstream-1.4.4.jar
java_class_path (initial): C:\Users\bww1\AppData\Local\Android\sdk\build-tools\22.0.1\lib\dx.jar
Launcher Type: SUN_STANDARD

Environment Variables:
PATH=C:\ProgramData\Oracle\Java\javapath;C:\WINDOWS\system32;C:\WINDOWS;C:\WINDOWS\System32\Wbem;C:\WINDOWS\System32\WindowsPowerShell\v1.0\;C:\Program Files (x86)\Windows Kits\8.1\Windows Performance Toolkit\;C:\Program Files\Microsoft SQL Server\110\Tools\Binn\;C:\Program Files (x86)\Microsoft SDKs\TypeScript\1.0\;C:\Program Files\Microsoft SQL Server\120\Tools\Binn\;C:\Users\bww1\Documents\opencv\build\\x86\vc11\bin;C:\Program Files\Microsoft\Web Platform Installer\;C:\Program Files (x86)\Git\cmd;C:\Users\bww1\Documents\OpenCV-Android\android-ndk-r10d\ndk-build.cmd
USERNAME=bww1
OS=Windows_NT
PROCESSOR_IDENTIFIER=Intel64 Family 6 Model 69 Stepping 1, GenuineIntel



---------------  S Y S T E M  ---------------

OS: Windows 8.1 , 64 bit Build 9600 

CPU:total 4 (2 cores per cpu, 2 threads per core) family 6 model 69 stepping 1, cmov, cx8, fxsr, mmx, sse, sse2, sse3, ssse3, sse4.1, sse4.2, popcnt, avx, avx2, aes, clmul, erms, rtm, lzcnt, ht, tsc, tscinvbit, bmi1, bmi2

Memory: 4k page, physical 4112424k(438400k free), swap 7258152k(4824k free)

vm_info: Java HotSpot(TM) 64-Bit Server VM (25.31-b07) for windows-amd64 JRE (1.8.0_31-b13), built on Dec 17 2014 21:00:28 by "java_re" with MS VC++ 10.0 (VS2010)

time: Fri Apr 10 22:53:46 2015
elapsed time: 4 seconds (0d 0h 0m 4s)

