#
# There is insufficient memory for the Java Runtime Environment to continue.
# Native memory allocation (malloc) failed to allocate 32784 bytes for Chunk::new
# Possible reasons:
#   The system is out of physical RAM or swap space
#   In 32 bit mode, the process size limit was hit
# Possible solutions:
#   Reduce memory load on the system
#   Increase physical memory or swap space
#   Check if swap backing store is full
#   Use 64 bit Java on a 64 bit OS
#   Decrease Java heap size (-Xmx/-Xms)
#   Decrease number of Java threads
#   Decrease Java thread stack sizes (-Xss)
#   Set larger code cache with -XX:ReservedCodeCacheSize=
# This output file may be truncated or incomplete.
#
#  Out of Memory Error (allocation.cpp:390), pid=5024, tid=7412
#
# JRE version: Java(TM) SE Runtime Environment (8.0_31-b13) (build 1.8.0_31-b13)
# Java VM: Java HotSpot(TM) 64-Bit Server VM (25.31-b07 mixed mode windows-amd64 compressed oops)
# Failed to write core dump. Minidumps are not enabled by default on client versions of Windows
#

---------------  T H R E A D  ---------------

Current thread (0x00000000147e0000):  JavaThread "C2 CompilerThread1" daemon [_thread_in_native, id=7412, stack(0x0000000015e50000,0x0000000015f50000)]

Stack: [0x0000000015e50000,0x0000000015f50000]
Native frames: (J=compiled Java code, j=interpreted, Vv=VM code, C=native code)
V  [jvm.dll+0x3169ba]


Current CompileTask:
C2:   4080 1327       4       com.android.dx.ssa.SsaRenamer$BlockRenamer::visitNonMoveInsn (14 bytes)


---------------  P R O C E S S  ---------------

Java Threads: ( => current thread )
  0x000000001483b800 JavaThread "Service Thread" daemon [_thread_blocked, id=5252, stack(0x0000000016050000,0x0000000016150000)]
  0x0000000014831000 JavaThread "C1 CompilerThread2" daemon [_thread_blocked, id=7668, stack(0x0000000015f50000,0x0000000016050000)]
=>0x00000000147e0000 JavaThread "C2 CompilerThread1" daemon [_thread_in_native, id=7412, stack(0x0000000015e50000,0x0000000015f50000)]
  0x00000000147dd000 JavaThread "C2 CompilerThread0" daemon [_thread_in_native, id=6416, stack(0x0000000015d50000,0x0000000015e50000)]
  0x00000000147db800 JavaThread "Attach Listener" daemon [_thread_blocked, id=3384, stack(0x0000000015c50000,0x0000000015d50000)]
  0x00000000147da000 JavaThread "Signal Dispatcher" daemon [_thread_blocked, id=3104, stack(0x0000000015b50000,0x0000000015c50000)]
  0x0000000002100000 JavaThread "Finalizer" daemon [_thread_blocked, id=4164, stack(0x0000000015a50000,0x0000000015b50000)]
  0x00000000020fd000 JavaThread "Reference Handler" daemon [_thread_blocked, id=7000, stack(0x0000000015950000,0x0000000015a50000)]
  0x0000000002010800 JavaThread "main" [_thread_in_vm, id=2428, stack(0x0000000001f10000,0x0000000002010000)]

Other Threads:
  0x00000000147a5800 VMThread [stack: 0x0000000015850000,0x0000000015950000] [id=2124]
  0x000000001483e800 WatcherThread [stack: 0x0000000016150000,0x0000000016250000] [id=4256]

VM state:not at safepoint (normal execution)

VM Mutex/Monitor currently owned by a thread: None

Heap:
 PSYoungGen      total 18944K, used 18127K [0x00000000eab00000, 0x00000000ec000000, 0x0000000100000000)
  eden space 16384K, 95% used [0x00000000eab00000,0x00000000eba353e0,0x00000000ebb00000)
  from space 2560K, 99% used [0x00000000ebb00000,0x00000000ebd7ea98,0x00000000ebd80000)
  to   space 2560K, 0% used [0x00000000ebd80000,0x00000000ebd80000,0x00000000ec000000)
 ParOldGen       total 44032K, used 1788K [0x00000000c0000000, 0x00000000c2b00000, 0x00000000eab00000)
  object space 44032K, 4% used [0x00000000c0000000,0x00000000c01bf168,0x00000000c2b00000)
 Metaspace       used 5605K, capacity 6832K, committed 7040K, reserved 1056768K
  class space    used 548K, capacity 616K, committed 640K, reserved 1048576K

Card table byte_map: [0x00000000114d0000,0x00000000116e0000] byte_map_base: 0x0000000010ed0000

Marking Bits: (ParMarkBitMap*) 0x0000000062c2d4f0
 Begin Bits: [0x0000000011c40000, 0x0000000012c40000)
 End Bits:   [0x0000000012c40000, 0x0000000013c40000)

Polling page: 0x0000000001da0000

CodeCache: size=245760Kb used=5277Kb max_used=5277Kb free=240482Kb
 bounds [0x0000000002110000, 0x0000000002640000, 0x0000000011110000]
 total_blobs=1596 nmethods=1336 adapters=174
 compilation: enabled

Compilation events (10 events):
Event: 3.990 Thread 0x00000000147e0000 1323       4       java.util.Arrays::hashCode (56 bytes)
Event: 3.994 Thread 0x00000000147dd000 nmethod 1324 0x0000000002635990 code [0x0000000002635b00, 0x0000000002635ed8]
Event: 3.994 Thread 0x00000000147dd000 1322       4       com.android.dx.util.FixedSizeList::hashCode (8 bytes)
Event: 3.996 Thread 0x00000000147e0000 nmethod 1323 0x00000000026382d0 code [0x0000000002638420, 0x0000000002638678]
Event: 3.996 Thread 0x00000000147e0000 1325       4       com.android.dx.rop.code.InsnList::set (7 bytes)
Event: 3.997 Thread 0x00000000147e0000 nmethod 1325 0x0000000002635590 code [0x00000000026356e0, 0x00000000026357d8]
Event: 3.997 Thread 0x00000000147e0000 1326       4       com.android.dx.ssa.SsaInsn::<init> (29 bytes)
Event: 3.998 Thread 0x00000000147e0000 nmethod 1326 0x00000000025a8e10 code [0x00000000025a8f40, 0x00000000025a8fd8]
Event: 4.000 Thread 0x00000000147dd000 nmethod 1322 0x0000000002639790 code [0x00000000026398e0, 0x0000000002639b58]
Event: 4.071 Thread 0x00000000147e0000 1327       4       com.android.dx.ssa.SsaRenamer$BlockRenamer::visitNonMoveInsn (14 bytes)

GC Heap History (2 events):
Event: 2.348 GC heap before
{Heap before GC invocations=1 (full 0):
 PSYoungGen      total 18944K, used 16384K [0x00000000eab00000, 0x00000000ec000000, 0x0000000100000000)
  eden space 16384K, 100% used [0x00000000eab00000,0x00000000ebb00000,0x00000000ebb00000)
  from space 2560K, 0% used [0x00000000ebd80000,0x00000000ebd80000,0x00000000ec000000)
  to   space 2560K, 0% used [0x00000000ebb00000,0x00000000ebb00000,0x00000000ebd80000)
 ParOldGen       total 44032K, used 0K [0x00000000c0000000, 0x00000000c2b00000, 0x00000000eab00000)
  object space 44032K, 0% used [0x00000000c0000000,0x00000000c0000000,0x00000000c2b00000)
 Metaspace       used 5446K, capacity 6704K, committed 6784K, reserved 1056768K
  class space    used 547K, capacity 616K, committed 640K, reserved 1048576K
Event: 2.367 GC heap after
Heap after GC invocations=1 (full 0):
 PSYoungGen      total 18944K, used 2554K [0x00000000eab00000, 0x00000000ec000000, 0x0000000100000000)
  eden space 16384K, 0% used [0x00000000eab00000,0x00000000eab00000,0x00000000ebb00000)
  from space 2560K, 99% used [0x00000000ebb00000,0x00000000ebd7ea98,0x00000000ebd80000)
  to   space 2560K, 0% used [0x00000000ebd80000,0x00000000ebd80000,0x00000000ec000000)
 ParOldGen       total 44032K, used 1788K [0x00000000c0000000, 0x00000000c2b00000, 0x00000000eab00000)
  object space 44032K, 4% used [0x00000000c0000000,0x00000000c01bf168,0x00000000c2b00000)
 Metaspace       used 5446K, capacity 6704K, committed 6784K, reserved 1056768K
  class space    used 547K, capacity 616K, committed 640K, reserved 1048576K
}

Deoptimization events (5 events):
Event: 2.030 Thread 0x0000000002010800 Uncommon trap: reason=class_check action=maybe_recompile pc=0x000000000245e490 method=com.android.dx.rop.type.Type.equals(Ljava/lang/Object;)Z @ 8
Event: 2.030 Thread 0x0000000002010800 Uncommon trap: reason=class_check action=maybe_recompile pc=0x000000000245e490 method=com.android.dx.rop.type.Type.equals(Ljava/lang/Object;)Z @ 8
Event: 2.030 Thread 0x0000000002010800 Uncommon trap: reason=class_check action=maybe_recompile pc=0x000000000245e490 method=com.android.dx.rop.type.Type.equals(Ljava/lang/Object;)Z @ 8
Event: 2.030 Thread 0x0000000002010800 Uncommon trap: reason=class_check action=maybe_recompile pc=0x000000000245e490 method=com.android.dx.rop.type.Type.equals(Ljava/lang/Object;)Z @ 8
Event: 2.584 Thread 0x0000000002010800 Uncommon trap: reason=class_check action=maybe_recompile pc=0x00000000023b2b24 method=com.android.dx.rop.type.Type.equals(Ljava/lang/Object;)Z @ 8

Internal exceptions (10 events):
Event: 1.524 Thread 0x0000000002010800 Exception <a 'java/security/PrivilegedActionException'> (0x00000000eb3d5648) thrown at [C:\workspace\8-2-build-windows-amd64-cygwin\jdk8u31\2394\hotspot\src\share\vm\prims\jvm.cpp, line 1312]
Event: 1.542 Thread 0x0000000002010800 Exception <a 'java/security/PrivilegedActionException'> (0x00000000eb3f62f8) thrown at [C:\workspace\8-2-build-windows-amd64-cygwin\jdk8u31\2394\hotspot\src\share\vm\prims\jvm.cpp, line 1312]
Event: 1.570 Thread 0x0000000002010800 Exception <a 'java/security/PrivilegedActionException'> (0x00000000eb461df8) thrown at [C:\workspace\8-2-build-windows-amd64-cygwin\jdk8u31\2394\hotspot\src\share\vm\prims\jvm.cpp, line 1312]
Event: 1.654 Thread 0x0000000002010800 Exception <a 'java/security/PrivilegedActionException'> (0x00000000eb4f64a0) thrown at [C:\workspace\8-2-build-windows-amd64-cygwin\jdk8u31\2394\hotspot\src\share\vm\prims\jvm.cpp, line 1312]
Event: 1.759 Thread 0x0000000002010800 Exception <a 'java/security/PrivilegedActionException'> (0x00000000eb56e7b0) thrown at [C:\workspace\8-2-build-windows-amd64-cygwin\jdk8u31\2394\hotspot\src\share\vm\prims\jvm.cpp, line 1312]
Event: 1.763 Thread 0x0000000002010800 Exception <a 'java/security/PrivilegedActionException'> (0x00000000eb588328) thrown at [C:\workspace\8-2-build-windows-amd64-cygwin\jdk8u31\2394\hotspot\src\share\vm\prims\jvm.cpp, line 1312]
Event: 1.763 Thread 0x0000000002010800 Exception <a 'java/security/PrivilegedActionException'> (0x00000000eb58ad98) thrown at [C:\workspace\8-2-build-windows-amd64-cygwin\jdk8u31\2394\hotspot\src\share\vm\prims\jvm.cpp, line 1312]
Event: 1.764 Thread 0x0000000002010800 Exception <a 'java/security/PrivilegedActionException'> (0x00000000eb58da90) thrown at [C:\workspace\8-2-build-windows-amd64-cygwin\jdk8u31\2394\hotspot\src\share\vm\prims\jvm.cpp, line 1312]
Event: 1.927 Thread 0x0000000002010800 Exception <a 'java/security/PrivilegedActionException'> (0x00000000eb6f6ce0) thrown at [C:\workspace\8-2-build-windows-amd64-cygwin\jdk8u31\2394\hotspot\src\share\vm\prims\jvm.cpp, line 1312]
Event: 2.045 Thread 0x0000000002010800 Exception <a 'java/security/PrivilegedActionException'> (0x00000000eb82a2b0) thrown at [C:\workspace\8-2-build-windows-amd64-cygwin\jdk8u31\2394\hotspot\src\share\vm\prims\jvm.cpp, line 1312]

Events (10 events):
Event: 2.584 Thread 0x0000000002010800 DEOPT PACKING pc=0x00000000023b2b24 sp=0x000000000200dee0
Event: 2.584 Thread 0x0000000002010800 DEOPT UNPACKING pc=0x000000000215556a sp=0x000000000200dc58 mode 2
Event: 2.819 Thread 0x0000000002010800 DEOPT PACKING pc=0x000000000240c5dd sp=0x000000000200e980
Event: 2.819 Thread 0x0000000002010800 DEOPT UNPACKING pc=0x00000000021575bf sp=0x000000000200e760 mode 0
Event: 3.854 Thread 0x0000000002010800 DEOPT PACKING pc=0x000000000241a2e1 sp=0x000000000200ea60
Event: 3.854 Thread 0x0000000002010800 DEOPT UNPACKING pc=0x00000000021575bf sp=0x000000000200e7e0 mode 0
Event: 3.916 loading class java/util/DualPivotQuicksort
Event: 3.920 loading class java/util/DualPivotQuicksort done
Event: 3.985 Thread 0x0000000002010800 DEOPT PACKING pc=0x000000000246368a sp=0x000000000200e8d0
Event: 3.985 Thread 0x0000000002010800 DEOPT UNPACKING pc=0x00000000021575bf sp=0x000000000200e638 mode 0


Dynamic libraries:
0x00007ff7b2540000 - 0x00007ff7b2574000 	C:\Program Files\Java\jdk1.8.0_31\bin\java.exe
0x00007ff88aad0000 - 0x00007ff88ac7c000 	C:\WINDOWS\SYSTEM32\ntdll.dll
0x00007ff8883c0000 - 0x00007ff8884fa000 	C:\WINDOWS\system32\KERNEL32.DLL
0x00007ff887de0000 - 0x00007ff887eef000 	C:\WINDOWS\system32\KERNELBASE.dll
0x00007ff886780000 - 0x00007ff886808000 	C:\WINDOWS\system32\apphelp.dll
0x00007ff885ed0000 - 0x00007ff885f1f000 	C:\WINDOWS\AppPatch\AppPatch64\AcGenral.DLL
0x00007ff888910000 - 0x00007ff8889b7000 	C:\WINDOWS\system32\msvcrt.dll
0x00007ff887bc0000 - 0x00007ff887beb000 	C:\WINDOWS\SYSTEM32\SspiCli.dll
0x00007ff888b10000 - 0x00007ff888b61000 	C:\WINDOWS\system32\SHLWAPI.dll
0x00007ff888e90000 - 0x00007ff889001000 	C:\WINDOWS\system32\USER32.dll
0x00007ff888770000 - 0x00007ff8888e8000 	C:\WINDOWS\system32\ole32.dll
0x00007ff8895a0000 - 0x00007ff88aab8000 	C:\WINDOWS\system32\SHELL32.dll
0x00007ff8875e0000 - 0x00007ff8875fe000 	C:\WINDOWS\SYSTEM32\USERENV.dll
0x00007ff888a20000 - 0x00007ff888ac5000 	C:\WINDOWS\system32\ADVAPI32.dll
0x00007ff879f30000 - 0x00007ff879f4b000 	C:\WINDOWS\SYSTEM32\MPR.dll
0x00007ff889290000 - 0x00007ff8893c7000 	C:\WINDOWS\system32\RPCRT4.dll
0x00007ff8893e0000 - 0x00007ff889437000 	C:\WINDOWS\SYSTEM32\sechost.dll
0x00007ff888c40000 - 0x00007ff888e16000 	C:\WINDOWS\SYSTEM32\combase.dll
0x00007ff888620000 - 0x00007ff888764000 	C:\WINDOWS\system32\GDI32.dll
0x00007ff887d10000 - 0x00007ff887d24000 	C:\WINDOWS\SYSTEM32\profapi.dll
0x00007ff8862a0000 - 0x00007ff886352000 	C:\WINDOWS\SYSTEM32\SHCORE.dll
0x00007ff888ad0000 - 0x00007ff888b04000 	C:\WINDOWS\system32\IMM32.DLL
0x00007ff889440000 - 0x00007ff889591000 	C:\WINDOWS\system32\MSCTF.dll
0x00007ff885720000 - 0x00007ff88597a000 	C:\WINDOWS\WinSxS\amd64_microsoft.windows.common-controls_6595b64144ccf1df_6.0.9600.17031_none_6242a4b3ecbb55a1\COMCTL32.dll
0x0000000062cb0000 - 0x0000000062d82000 	C:\Program Files\Java\jdk1.8.0_31\jre\bin\msvcr100.dll
0x0000000062450000 - 0x0000000062caa000 	C:\Program Files\Java\jdk1.8.0_31\jre\bin\server\jvm.dll
0x00007ff8834c0000 - 0x00007ff8834c9000 	C:\WINDOWS\SYSTEM32\WSOCK32.dll
0x00007ff879e40000 - 0x00007ff879e5f000 	C:\WINDOWS\SYSTEM32\WINMM.dll
0x00007ff888610000 - 0x00007ff888617000 	C:\WINDOWS\system32\PSAPI.DLL
0x00007ff8889c0000 - 0x00007ff888a18000 	C:\WINDOWS\system32\WS2_32.dll
0x00007ff879e10000 - 0x00007ff879e3a000 	C:\WINDOWS\SYSTEM32\WINMMBASE.dll
0x00007ff888e80000 - 0x00007ff888e89000 	C:\WINDOWS\system32\NSI.dll
0x00007ff887f40000 - 0x00007ff887f8a000 	C:\WINDOWS\SYSTEM32\cfgmgr32.dll
0x00007ff886b70000 - 0x00007ff886b96000 	C:\WINDOWS\SYSTEM32\DEVOBJ.dll
0x0000000063dc0000 - 0x0000000063dcf000 	C:\Program Files\Java\jdk1.8.0_31\jre\bin\verify.dll
0x0000000062420000 - 0x0000000062448000 	C:\Program Files\Java\jdk1.8.0_31\jre\bin\java.dll
0x0000000062400000 - 0x0000000062416000 	C:\Program Files\Java\jdk1.8.0_31\jre\bin\zip.dll

VM Arguments:
jvm_args: -Xmx1024M -Dfile.encoding=windows-1252 -Duser.country=US -Duser.language=en -Duser.variant 
java_command: com.android.dx.command.Main --dex --output C:\Users\bww1\Documents\wethoughtthiswasaspeeddatingapp\wethoughtthiswasaspeeddatingapp.git\boofcv_example\app\build\intermediates\pre-dexed\debug\BoofCV-9802a1c3222093387fe1c600df6d5fe2c2f5f7b6.jar C:\Users\bww1\Documents\wethoughtthiswasaspeeddatingapp\wethoughtthiswasaspeeddatingapp.git\boofcv_example\app\libs\BoofCV.jar
java_class_path (initial): C:\Users\bww1\AppData\Local\Android\sdk\build-tools\22.0.1\lib\dx.jar
Launcher Type: SUN_STANDARD

Environment Variables:
PATH=C:\ProgramData\Oracle\Java\javapath;C:\WINDOWS\system32;C:\WINDOWS;C:\WINDOWS\System32\Wbem;C:\WINDOWS\System32\WindowsPowerShell\v1.0\;C:\Program Files (x86)\Windows Kits\8.1\Windows Performance Toolkit\;C:\Program Files\Microsoft SQL Server\110\Tools\Binn\;C:\Program Files (x86)\Microsoft SDKs\TypeScript\1.0\;C:\Program Files\Microsoft SQL Server\120\Tools\Binn\;C:\Users\bww1\Documents\opencv\build\\x86\vc11\bin;C:\Program Files\Microsoft\Web Platform Installer\;C:\Program Files (x86)\Git\cmd;C:\Users\bww1\Documents\OpenCV-Android\android-ndk-r10d\ndk-build.cmd
USERNAME=bww1
OS=Windows_NT
PROCESSOR_IDENTIFIER=Intel64 Family 6 Model 69 Stepping 1, GenuineIntel



---------------  S Y S T E M  ---------------

OS: Windows 8.1 , 64 bit Build 9600 

CPU:total 4 (2 cores per cpu, 2 threads per core) family 6 model 69 stepping 1, cmov, cx8, fxsr, mmx, sse, sse2, sse3, ssse3, sse4.1, sse4.2, popcnt, avx, avx2, aes, clmul, erms, rtm, lzcnt, ht, tsc, tscinvbit, bmi1, bmi2

Memory: 4k page, physical 4112424k(443384k free), swap 7258152k(5044k free)

vm_info: Java HotSpot(TM) 64-Bit Server VM (25.31-b07) for windows-amd64 JRE (1.8.0_31-b13), built on Dec 17 2014 21:00:28 by "java_re" with MS VC++ 10.0 (VS2010)

time: Fri Apr 10 22:53:46 2015
elapsed time: 4 seconds (0d 0h 0m 4s)

